<?xml version="1.0" encoding="UTF-8"?>
<!-- Generated by org.testng.reporters.JUnitReportReporter -->
<testsuite skipped="0" hostname="HVNLT052" name="tests.LoginTests" tests="2" failures="0" timestamp="05 Dec 2018 02:50:22 GMT" time="7.628" errors="0">
  <testcase name="LoginUnsuccessfully" time="1.936" classname="tests.LoginTests"/>
  <testcase name="LoginSuccessfully" time="5.692" classname="tests.LoginTests"/>
</testsuite> <!-- tests.LoginTests -->
