<?xml version="1.0" encoding="UTF-8"?>
<testsuite name="tests.LoginTests" tests="2" skipped="0" failures="0" errors="0" timestamp="2018-12-05T02:48:58" hostname="HVNLT052" time="12.853">
  <properties/>
  <testcase name="LoginSuccessfully[0](nhidinh, UDRhc3N3MHJkMSE=)" classname="tests.LoginTests" time="5.691"/>
  <testcase name="LoginUnsuccessfully[0](nhidinh, UDRhc3N3MHJkMSE=)" classname="tests.LoginTests" time="1.935"/>
  <system-out><![CDATA[BEFORE METHOD
Class: LoginTests--Test Method:tests.LoginTests-- is started
===Perform login successfully=== started!
BEFORE METHOD
Class: LoginTests--Test Method:tests.LoginTests-- is started
===Perform invalid login=== started!
]]></system-out>
  <system-err><![CDATA[]]></system-err>
</testsuite>
